{
  "RSpec": {
    "coverage": {
      "/Users/phil/workspace/go_projects/rails_template/app/uploaders/base_uploader.rb": [
        1,
        null,
        null,
        null,
        1,
        null,
        null,
        null,
        null,
        null,
        null,
        null,
        null,
        1,
        0,
        null,
        null,
        null,
        null,
        null,
        null,
        null,
        null,
        null,
        null,
        null,
        null,
        null,
        null,
        null,
        null,
        null,
        null,
        null,
        null,
        null,
        null,
        null,
        null,
        null,
        null,
        null,
        null,
        null,
        null,
        null,
        null,
        null,
        null
      ],
      "/Users/phil/workspace/go_projects/rails_template/app/models/user.rb": [
        null,
        null,
        null,
        null,
        null,
        null,
        null,
        null,
        null,
        null,
        null,
        null,
        null,
        null,
        null,
        null,
        null,
        null,
        null,
        null,
        null,
        null,
        null,
        null,
        null,
        null,
        1,
        1,
        1,
        null,
        1,
        29,
        null,
        null,
        null,
        null,
        1,
        null,
        null,
        1,
        null,
        1,
        0,
        null,
        null,
        1,
        0,
        null,
        null,
        1,
        0,
        null,
        null
      ],
      "/Users/phil/workspace/go_projects/rails_template/app/uploaders/avatar_uploader.rb": [
        1,
        1,
        1,
        null
      ],
      "/Users/phil/workspace/go_projects/rails_template/app/helpers/application_helper.rb": [
        1,
        null
      ],
      "/Users/phil/workspace/go_projects/rails_template/app/helpers/home_helper.rb": [
        1,
        null
      ],
      "/Users/phil/workspace/go_projects/rails_template/app/decorators/home_decorator.rb": [
        1,
        1,
        null,
        null,
        null,
        null,
        null,
        null,
        null,
        null,
        null,
        null
      ],
      "/Users/phil/workspace/go_projects/rails_template/app/controllers/application_controller.rb": [
        1,
        null,
        null,
        1,
        null
      ],
      "/Users/phil/workspace/go_projects/rails_template/app/controllers/home_controller.rb": [
        1,
        1,
        null,
        null
      ],
      "/Users/phil/workspace/go_projects/rails_template/app/controllers/contacts_controller.rb": [
        0,
        0,
        0,
        0,
        0,
        0,
        0,
        0,
        0,
        0,
        0,
        0,
        0,
        0,
        0,
        0,
        0,
        0,
        0,
        0,
        0
      ],
      "/Users/phil/workspace/go_projects/rails_template/app/jobs/application_job.rb": [
        0,
        0,
        0
      ],
      "/Users/phil/workspace/go_projects/rails_template/app/mailers/application_mailer.rb": [
        0,
        0,
        0,
        0
      ],
      "/Users/phil/workspace/go_projects/rails_template/app/models/contact.rb": [
        0,
        0,
        0,
        0,
        0,
        0,
        0,
        0,
        0,
        0,
        0,
        0,
        0,
        0,
        0,
        0
      ],
      "/Users/phil/workspace/go_projects/rails_template/app/services/contact_us_service.rb": [
        0,
        0,
        0,
        0,
        0,
        0,
        0,
        0,
        0,
        0,
        0,
        0,
        0,
        0,
        0,
        0,
        0,
        0,
        0,
        0,
        0,
        0,
        0,
        0,
        0,
        0
      ],
      "/Users/phil/workspace/go_projects/rails_template/app/services/create_admin_service.rb": [
        0,
        0,
        0,
        0,
        0,
        0,
        0,
        0,
        0,
        0,
        0
      ],
      "/Users/phil/workspace/go_projects/rails_template/lib/schedule.rb": [
        0,
        0,
        0,
        0,
        0,
        0,
        0,
        0,
        0,
        0,
        0,
        0,
        0,
        0,
        0,
        0,
        0,
        0,
        0,
        0,
        0,
        0,
        0,
        0,
        0,
        0,
        0
      ]
    },
    "timestamp": 1513740367
  }
}
